This is pdfTeX, Version 3.1415926-2.5-1.40.14 (TeX Live 2013/Debian) (format=pdflatex 2013.11.14)  24 APR 2014 03:31
entering extended mode
 restricted \write18 enabled.
 %&-line parsing enabled.
**DIsseration.tex
(./DIsseration.tex
LaTeX2e <2011/06/27>
Babel <3.9f> and hyphenation patterns for 2 languages loaded.
(/usr/share/texlive/texmf-dist/tex/latex/base/report.cls
Document Class: report 2007/10/19 v1.4h Standard LaTeX document class
(/usr/share/texlive/texmf-dist/tex/latex/base/size11.clo
File: size11.clo 2007/10/19 v1.4h Standard LaTeX file (size option)
)
\c@part=\count79
\c@chapter=\count80
\c@section=\count81
\c@subsection=\count82
\c@subsubsection=\count83
\c@paragraph=\count84
\c@subparagraph=\count85
\c@figure=\count86
\c@table=\count87
\abovecaptionskip=\skip41
\belowcaptionskip=\skip42
\bibindent=\dimen102
)
(/usr/share/texlive/texmf-dist/tex/latex/geometry/geometry.sty
Package: geometry 2010/09/12 v5.6 Page Geometry

(/usr/share/texlive/texmf-dist/tex/latex/graphics/keyval.sty
Package: keyval 1999/03/16 v1.13 key=value parser (DPC)
\KV@toks@=\toks14
)
(/usr/share/texlive/texmf-dist/tex/generic/oberdiek/ifpdf.sty
Package: ifpdf 2011/01/30 v2.3 Provides the ifpdf switch (HO)
Package ifpdf Info: pdfTeX in PDF mode is detected.
)
(/usr/share/texlive/texmf-dist/tex/generic/oberdiek/ifvtex.sty
Package: ifvtex 2010/03/01 v1.5 Detect VTeX and its facilities (HO)
Package ifvtex Info: VTeX not detected.
)
(/usr/share/texlive/texmf-dist/tex/generic/ifxetex/ifxetex.sty
Package: ifxetex 2010/09/12 v0.6 Provides ifxetex conditional
)
\Gm@cnth=\count88
\Gm@cntv=\count89
\c@Gm@tempcnt=\count90
\Gm@bindingoffset=\dimen103
\Gm@wd@mp=\dimen104
\Gm@odd@mp=\dimen105
\Gm@even@mp=\dimen106
\Gm@layoutwidth=\dimen107
\Gm@layoutheight=\dimen108
\Gm@layouthoffset=\dimen109
\Gm@layoutvoffset=\dimen110
\Gm@dimlist=\toks15
)
(/usr/share/texlive/texmf-dist/tex/latex/setspace/setspace.sty
Package: setspace 2011/12/19 v6.7a set line spacing
)
(/usr/share/texmf/tex/latex/biblatex/biblatex.sty
Package: biblatex 2011/11/13 v1.7 programmable bibliographies

(/usr/share/texmf/tex/latex/etoolbox/etoolbox.sty
Package: etoolbox 2011/01/03 v2.1 e-TeX tools for LaTeX

(/usr/share/texlive/texmf-dist/tex/latex/etex-pkg/etex.sty
Package: etex 1998/03/26 v2.0 eTeX basic definition package (PEB)
\et@xins=\count91
)
\etb@tempcnta=\count92
)
(/usr/share/texmf/tex/latex/logreq/logreq.sty
Package: logreq 2010/08/04 v1.0 xml request logger
\lrq@indent=\count93

(/usr/share/texmf/tex/latex/logreq/logreq.def
File: logreq.def 2010/08/04 v1.0 logreq spec v1.0
))
(/usr/share/texlive/texmf-dist/tex/latex/base/ifthen.sty
Package: ifthen 2001/05/26 v1.1c Standard LaTeX ifthen package (DPC)
)
(/usr/share/texlive/texmf-dist/tex/latex/url/url.sty
\Urlmuskip=\muskip10
Package: url 2006/04/12  ver 3.3  Verb mode for urls, etc.
)
\c@listtotal=\count94
\c@listcount=\count95
\c@liststart=\count96
\c@liststop=\count97
\c@citecount=\count98
\c@citetotal=\count99
\c@multicitecount=\count100
\c@multicitetotal=\count101
\c@instcount=\count102
\c@maxnames=\count103
\c@minnames=\count104
\c@maxitems=\count105
\c@minitems=\count106
\c@citecounter=\count107
\c@savedcitecounter=\count108
\c@uniquelist=\count109
\c@uniquename=\count110
\c@refsection=\count111
\c@refsegment=\count112
\c@maxextrayear=\count113
\c@maxextraalpha=\count114
\c@abbrvpenalty=\count115
\c@highnamepenalty=\count116
\c@lownamepenalty=\count117
\c@maxparens=\count118
\c@parenlevel=\count119
\blx@tempcnta=\count120
\blx@tempcntb=\count121
\blx@tempcntc=\count122
\blx@maxsection=\count123
\blx@maxsegment=\count124
\blx@notetype=\count125
\blx@parenlevel@text=\count126
\blx@parenlevel@foot=\count127
\labelnumberwidth=\skip43
\labelalphawidth=\skip44
\shorthandwidth=\skip45
\biblabelsep=\skip46
\bibitemsep=\skip47
\bibnamesep=\skip48
\bibinitsep=\skip49
\bibparsep=\skip50
\bibhang=\skip51
\blx@auxin=\read1
\blx@auxout=\write3
\c@mincomprange=\count128
\c@maxcomprange=\count129
\c@mincompwidth=\count130
\c@labelname=\count131
\c@savedlabelname=\count132
\c@author=\count133
\c@savedauthor=\count134
\c@shortauthor=\count135
\c@savedshortauthor=\count136
\c@editor=\count137
\c@savededitor=\count138
\c@editora=\count139
\c@savededitora=\count140
\c@editorb=\count141
\c@savededitorb=\count142
\c@editorc=\count143
\c@savededitorc=\count144
\c@shorteditor=\count145
\c@savedshorteditor=\count146
\c@bookauthor=\count147
\c@savedbookauthor=\count148
\c@translator=\count149
\c@savedtranslator=\count150
\c@annotator=\count151
\c@savedannotator=\count152
\c@commentator=\count153
\c@savedcommentator=\count154
\c@introduction=\count155
\c@savedintroduction=\count156
\c@foreword=\count157
\c@savedforeword=\count158
\c@afterword=\count159
\c@savedafterword=\count160
\c@holder=\count161
\c@savedholder=\count162
\c@namea=\count163
\c@savednamea=\count164
\c@nameb=\count165
\c@savednameb=\count166
\c@namec=\count167
\c@savednamec=\count168
\c@institution=\count169
\c@savedinstitution=\count170
\c@language=\count171
\c@savedlanguage=\count172
\c@location=\count173
\c@savedlocation=\count174
\c@organization=\count175
\c@savedorganization=\count176
\c@origlocation=\count177
\c@savedoriglocation=\count178
\c@origpublisher=\count179
\c@savedorigpublisher=\count180
\c@pageref=\count181
\c@savedpageref=\count182
\c@publisher=\count183
\c@savedpublisher=\count184
\c@lista=\count185
\c@savedlista=\count186
\c@listb=\count187
\c@savedlistb=\count188
\c@listc=\count189
\c@savedlistc=\count190
\c@listd=\count191
\c@savedlistd=\count192
\c@liste=\count193
\c@savedliste=\count194
\c@listf=\count195
\c@savedlistf=\count196
Package biblatex Info: Trying to load compatibility code...
Package biblatex Info: ... file 'blx-compat.def' found.

(/usr/share/texmf/tex/latex/biblatex/blx-compat.def
File: blx-compat.def 2011/11/13 v1.7 biblatex generic compatibility
)
Package biblatex Info: Trying to load generic definitions...
Package biblatex Info: ... file 'biblatex.def' found.

(/usr/share/texmf/tex/latex/biblatex/biblatex.def
File: biblatex.def 2011/11/13 v1.7 biblatex generic definitions
\c@biburlnumpenalty=\count197
\c@biburlucpenalty=\count198
\c@biburllcpenalty=\count199
\c@smartand=\count200
)
Package biblatex Info: Trying to load bibliography style 'authoryear'...
Package biblatex Info: ... file 'authoryear.bbx' found.

(/usr/share/texmf/tex/latex/biblatex/bbx/authoryear.bbx
File: authoryear.bbx 2011/11/13 v1.7 biblatex bibliography style
Package biblatex Info: Trying to load bibliography style 'standard'...
Package biblatex Info: ... file 'standard.bbx' found.

(/usr/share/texmf/tex/latex/biblatex/bbx/standard.bbx
File: standard.bbx 2011/11/13 v1.7 biblatex bibliography style
))
Package biblatex Info: Trying to load citation style 'authoryear'...
Package biblatex Info: ... file 'authoryear.cbx' found.

(/usr/share/texmf/tex/latex/biblatex/cbx/authoryear.cbx
File: authoryear.cbx 2011/11/13 v1.7 biblatex citation style
Package biblatex Info: Redefining '\cite'.
Package biblatex Info: Redefining '\parencite'.
Package biblatex Info: Redefining '\footcite'.
Package biblatex Info: Redefining '\footcitetext'.
Package biblatex Info: Redefining '\smartcite'.
Package biblatex Info: Redefining '\textcite'.
)
Package biblatex Info: Trying to load configuration file...
Package biblatex Info: ... file 'biblatex.cfg' found.

(/usr/share/texmf/tex/latex/biblatex/biblatex.cfg
File: biblatex.cfg 
))
(/usr/share/texlive/texmf-dist/tex/latex/graphics/graphicx.sty
Package: graphicx 1999/02/16 v1.0f Enhanced LaTeX Graphics (DPC,SPQR)

(/usr/share/texlive/texmf-dist/tex/latex/graphics/graphics.sty
Package: graphics 2009/02/05 v1.0o Standard LaTeX Graphics (DPC,SPQR)

(/usr/share/texlive/texmf-dist/tex/latex/graphics/trig.sty
Package: trig 1999/03/16 v1.09 sin cos tan (DPC)
)
(/usr/share/texlive/texmf-dist/tex/latex/latexconfig/graphics.cfg
File: graphics.cfg 2010/04/23 v1.9 graphics configuration of TeX Live
)
Package graphics Info: Driver file: pdftex.def on input line 91.

(/usr/share/texlive/texmf-dist/tex/latex/pdftex-def/pdftex.def
File: pdftex.def 2011/05/27 v0.06d Graphics/color for pdfTeX

(/usr/share/texlive/texmf-dist/tex/generic/oberdiek/infwarerr.sty
Package: infwarerr 2010/04/08 v1.3 Providing info/warning/error messages (HO)
)
(/usr/share/texlive/texmf-dist/tex/generic/oberdiek/ltxcmds.sty
Package: ltxcmds 2011/11/09 v1.22 LaTeX kernel commands for general use (HO)
)
\Gread@gobject=\count201
))
\Gin@req@height=\dimen111
\Gin@req@width=\dimen112
)
(/usr/share/texlive/texmf-dist/tex/latex/wrapfig/wrapfig.sty
\wrapoverhang=\dimen113
\WF@size=\dimen114
\c@WF@wrappedlines=\count202
\WF@box=\box26
\WF@everypar=\toks16
Package: wrapfig 2003/01/31  v 3.6
)
(/usr/share/texlive/texmf-dist/tex/latex/graphics/lscape.sty
Package: lscape 2000/10/22 v3.01 Landscape Pages (DPC)
)
(/usr/share/texlive/texmf-dist/tex/latex/rotating/rotating.sty
Package: rotating 2009/03/28 v2.16a rotated objects in LaTeX
\c@r@tfl@t=\count203
\rotFPtop=\skip52
\rotFPbot=\skip53
\rot@float@box=\box27
\rot@mess@toks=\toks17
)
(/usr/share/texlive/texmf-dist/tex/latex/oberdiek/epstopdf.sty
Package: epstopdf 2010/02/09 v2.5 Conversion with epstopdf on the fly (HO)

(/usr/share/texlive/texmf-dist/tex/latex/oberdiek/epstopdf-base.sty
Package: epstopdf-base 2010/02/09 v2.5 Base part for package epstopdf

(/usr/share/texlive/texmf-dist/tex/latex/oberdiek/grfext.sty
Package: grfext 2010/08/19 v1.1 Manage graphics extensions (HO)

(/usr/share/texlive/texmf-dist/tex/generic/oberdiek/kvdefinekeys.sty
Package: kvdefinekeys 2011/04/07 v1.3 Define keys (HO)
))
(/usr/share/texlive/texmf-dist/tex/latex/oberdiek/kvoptions.sty
Package: kvoptions 2011/06/30 v3.11 Key value format for package options (HO)

(/usr/share/texlive/texmf-dist/tex/generic/oberdiek/kvsetkeys.sty
Package: kvsetkeys 2012/04/25 v1.16 Key value parser (HO)

(/usr/share/texlive/texmf-dist/tex/generic/oberdiek/etexcmds.sty
Package: etexcmds 2011/02/16 v1.5 Avoid name clashes with e-TeX commands (HO)

(/usr/share/texlive/texmf-dist/tex/generic/oberdiek/ifluatex.sty
Package: ifluatex 2010/03/01 v1.3 Provides the ifluatex switch (HO)
Package ifluatex Info: LuaTeX not detected.
)
Package etexcmds Info: Could not find \expanded.
(etexcmds)             That can mean that you are not using pdfTeX 1.50 or
(etexcmds)             that some package has redefined \expanded.
(etexcmds)             In the latter case, load this package earlier.
)))
(/usr/share/texlive/texmf-dist/tex/generic/oberdiek/pdftexcmds.sty
Package: pdftexcmds 2011/11/29 v0.20 Utility functions of pdfTeX for LuaTeX (HO
)
Package pdftexcmds Info: LuaTeX not detected.
Package pdftexcmds Info: \pdf@primitive is available.
Package pdftexcmds Info: \pdf@ifprimitive is available.
Package pdftexcmds Info: \pdfdraftmode found.
)
Package grfext Info: Graphics extension search list:
(grfext)             [.png,.pdf,.jpg,.mps,.jpeg,.jbig2,.jb2,.PNG,.PDF,.JPG,.JPE
G,.JBIG2,.JB2,.eps]
(grfext)             \AppendGraphicsExtensions on input line 452.

(/usr/share/texlive/texmf-dist/tex/latex/latexconfig/epstopdf-sys.cfg
File: epstopdf-sys.cfg 2010/07/13 v1.3 Configuration of (r)epstopdf for TeX Liv
e
)))
(/usr/share/texlive/texmf-dist/tex/latex/listings/listings.sty
\lst@mode=\count204
\lst@gtempboxa=\box28
\lst@token=\toks18
\lst@length=\count205
\lst@currlwidth=\dimen115
\lst@column=\count206
\lst@pos=\count207
\lst@lostspace=\dimen116
\lst@width=\dimen117
\lst@newlines=\count208
\lst@lineno=\count209
\lst@maxwidth=\dimen118

(/usr/share/texlive/texmf-dist/tex/latex/listings/lstmisc.sty
File: lstmisc.sty 2013/07/10 1.5 (Carsten Heinz)
\c@lstnumber=\count210
\lst@skipnumbers=\count211
\lst@framebox=\box29
)
(/usr/share/texlive/texmf-dist/tex/latex/listings/listings.cfg
File: listings.cfg 2013/06/27 1.5pre1 listings configuration
))
Package: listings 2013/07/10 1.5 (Carsten Heinz)

(/usr/share/texlive/texmf-dist/tex/latex/graphics/color.sty
Package: color 2005/11/14 v1.0j Standard LaTeX Color (DPC)

(/usr/share/texlive/texmf-dist/tex/latex/latexconfig/color.cfg
File: color.cfg 2007/01/18 v1.5 color configuration of teTeX/TeXLive
)
Package color Info: Driver file: pdftex.def on input line 130.
)
(/usr/share/texlive/texmf-dist/tex/latex/listings/lstlang1.sty
File: lstlang1.sty 2013/06/27 1.5pre1 listings language file
)
(/usr/share/texlive/texmf-dist/tex/latex/listings/lstlang2.sty
File: lstlang2.sty 2013/06/27 1.5pre1 listings language file
)
Package biblatex Info: Trying to load language 'english'...
Package biblatex Info: ... file 'english.lbx' found.

(/usr/share/texmf/tex/latex/biblatex/lbx/english.lbx
File: english.lbx 2011/11/13 v1.7 biblatex localization
)
\@quotelevel=\count212
\@quotereset=\count213
 (./DIsseration.aux

LaTeX Warning: Label `tab:xyz' multiply defined.

)
\openout1 = `DIsseration.aux'.

LaTeX Font Info:    Checking defaults for OML/cmm/m/it on input line 37.
LaTeX Font Info:    ... okay on input line 37.
LaTeX Font Info:    Checking defaults for T1/cmr/m/n on input line 37.
LaTeX Font Info:    ... okay on input line 37.
LaTeX Font Info:    Checking defaults for OT1/cmr/m/n on input line 37.
LaTeX Font Info:    ... okay on input line 37.
LaTeX Font Info:    Checking defaults for OMS/cmsy/m/n on input line 37.
LaTeX Font Info:    ... okay on input line 37.
LaTeX Font Info:    Checking defaults for OMX/cmex/m/n on input line 37.
LaTeX Font Info:    ... okay on input line 37.
LaTeX Font Info:    Checking defaults for U/cmr/m/n on input line 37.
LaTeX Font Info:    ... okay on input line 37.

*geometry* driver: auto-detecting
*geometry* detected driver: pdftex
*geometry* verbose mode - [ preamble ] result:
* driver: pdftex
* paper: a4paper
* layout: <same size as paper>
* layoutoffset:(h,v)=(0.0pt,0.0pt)
* modes: 
* h-part:(L,W,R)=(72.26999pt, 452.9679pt, 72.26999pt)
* v-part:(T,H,B)=(72.26999pt, 700.50687pt, 72.26999pt)
* \paperwidth=597.50787pt
* \paperheight=845.04684pt
* \textwidth=452.9679pt
* \textheight=700.50687pt
* \oddsidemargin=0.0pt
* \evensidemargin=0.0pt
* \topmargin=-37.0pt
* \headheight=12.0pt
* \headsep=25.0pt
* \topskip=11.0pt
* \footskip=30.0pt
* \marginparwidth=50.0pt
* \marginparsep=10.0pt
* \columnsep=10.0pt
* \skip\footins=10.0pt plus 4.0pt minus 2.0pt
* \hoffset=0.0pt
* \voffset=0.0pt
* \mag=1000
* \@twocolumnfalse
* \@twosidefalse
* \@mparswitchfalse
* \@reversemarginfalse
* (1in=72.27pt=25.4mm, 1cm=28.453pt)

Package biblatex Info: No input encoding detected.
(biblatex)             Assuming 'ascii'.
Package biblatex Info: Automatic encoding selection.
(biblatex)             Assuming data encoding 'ascii'.
\openout3 = `DIsseration-blx.bib'.

Package biblatex Info: Trying to load bibliographic data...
Package biblatex Info: ... file 'DIsseration.bbl' found.
(./DIsseration.bbl)
Package biblatex Info: Reference section=0 on input line 37.
Package biblatex Info: Reference segment=0 on input line 37.

(/usr/share/texlive/texmf-dist/tex/context/base/supp-pdf.mkii
[Loading MPS to PDF converter (version 2006.09.02).]
\scratchcounter=\count214
\scratchdimen=\dimen119
\scratchbox=\box30
\nofMPsegments=\count215
\nofMParguments=\count216
\everyMPshowfont=\toks19
\MPscratchCnt=\count217
\MPscratchDim=\dimen120
\MPnumerator=\count218
\makeMPintoPDFobject=\count219
\everyMPtoPDFconversion=\toks20
)
\c@lstlisting=\count220
LaTeX Font Info:    External font `cmex10' loaded for size
(Font)              <12> on input line 40.
LaTeX Font Info:    External font `cmex10' loaded for size
(Font)              <8> on input line 40.
LaTeX Font Info:    External font `cmex10' loaded for size
(Font)              <6> on input line 40.
 [1

{/var/lib/texmf/fonts/map/pdftex/updmap/pdftex.map}] (./DIsseration.toc
LaTeX Font Info:    External font `cmex10' loaded for size
(Font)              <10.95> on input line 7.

[1

] [2])
\tf@toc=\write4
\openout4 = `DIsseration.toc'.

 [3] (./DIsseration.lof)
\tf@lof=\write5
\openout5 = `DIsseration.lof'.

 [4

] (./DIsseration.lot)
\tf@lot=\write6
\openout6 = `DIsseration.lot'.

 [5

]
Chapter 1.
LaTeX Font Info:    Try loading font information for OMS+cmr on input line 59.
(/usr/share/texlive/texmf-dist/tex/latex/base/omscmr.fd
File: omscmr.fd 1999/05/25 v2.5h Standard LaTeX font definitions
)
LaTeX Font Info:    Font shape `OMS/cmr/m/n' in size <10.95> not available
(Font)              Font shape `OMS/cmsy/m/n' tried instead on input line 59.
 [1


]
Chapter 2.
[2

] [3]
Underfull \hbox (badness 10000) in paragraph at lines 98--102

 []

[4] [5] [6] [7]
Underfull \hbox (badness 10000) in paragraph at lines 140--144

 []

[8] [9]
Chapter 3.
[10

] [11] [12]
Chapter 4.
[13

]
Underfull \hbox (badness 10000) in paragraph at lines 198--208

 []


Underfull \hbox (badness 10000) in paragraph at lines 198--208

 []


Underfull \hbox (badness 10000) in paragraph at lines 198--208

 []

[14] [15] [16]
Chapter 5.
[17

] [18] [19] [20] <People.jpg, id=91, 792.9625pt x 695.59875pt>
File: People.jpg Graphic file (type jpg)

<use People.jpg>
Package pdftex.def Info: People.jpg used on input line 287.
(pdftex.def)             Requested size: 452.97339pt x 284.52866pt.
 [21 <./People.jpg>]
<Profile.jpg, id=95, 791.95876pt x 702.625pt>
File: Profile.jpg Graphic file (type jpg)
 <use Profile.jpg>
Package pdftex.def Info: Profile.jpg used on input line 297.
(pdftex.def)             Requested size: 452.96797pt x 284.5294pt.
 [22 <./Profile.jpg>] <Homepage.jpg, id=99, 803.0pt x 695.59875pt>
File: Homepage.jpg Graphic file (type jpg)
 <use Homepage.jpg>
Package pdftex.def Info: Homepage.jpg used on input line 312.
(pdftex.def)             Requested size: 452.97293pt x 284.52866pt.
 [23 <./Homepage.jpg>] <Log_in.jpg, id=103, 791.95876pt x 505.89pt>
File: Log_in.jpg Graphic file (type jpg)
 <use Log_in.jpg>
Package pdftex.def Info: Log_in.jpg used on input line 322.
(pdftex.def)             Requested size: 452.96797pt x 284.53154pt.

[24 <./Log_in.jpg>]
Underfull \hbox (badness 10000) in paragraph at lines 350--354

 []

[25] <Iteration-1-ER-Diagram.jpg, id=111, 777.90625pt x 464.73625pt>
File: Iteration-1-ER-Diagram.jpg Graphic file (type jpg)

<use Iteration-1-ER-Diagram.jpg>
Package pdftex.def Info: Iteration-1-ER-Diagram.jpg used on input line 359.
(pdftex.def)             Requested size: 452.97829pt x 284.53111pt.
 [26 <./Iteration-1-ER-Diagram.jpg>] [27]
<questionnaire-iteration-1-q7.png, id=118, 1099.10625pt x 445.665pt>
File: questionnaire-iteration-1-q7.png Graphic file (type png)

<use questionnaire-iteration-1-q7.png>
Package pdftex.def Info: questionnaire-iteration-1-q7.png used on input line 37
9.
(pdftex.def)             Requested size: 452.96765pt x 170.71451pt.

<questionnaire-iteration-1-q8.png, id=119, 1104.125pt x 543.02875pt>
File: questionnaire-iteration-1-q8.png Graphic file (type png)

<use questionnaire-iteration-1-q8.png>
Package pdftex.def Info: questionnaire-iteration-1-q8.png used on input line 38
4.
(pdftex.def)             Requested size: 452.96375pt x 170.71523pt.

<questionnaire-iteration-1-q9.png, id=120, 1100.11pt x 558.085pt>
File: questionnaire-iteration-1-q9.png Graphic file (type png)

<use questionnaire-iteration-1-q9.png>
Package pdftex.def Info: questionnaire-iteration-1-q9.png used on input line 38
9.
(pdftex.def)             Requested size: 452.96167pt x 170.71384pt.
 [28 <./questionnaire-iteration-1-q7.png> <./questionnaire-iteration-1-q8.png>]
 [29 <./questionnaire-iteration-1-q9.png>]
Chapter 6.
[30

] <search-second-iteration.png, id=130, 1320.935pt x 784.9325pt>
File: search-second-iteration.png Graphic file (type png)

<use search-second-iteration.png>
Package pdftex.def Info: search-second-iteration.png used on input line 417.
(pdftex.def)             Requested size: 452.96172pt x 284.52774pt.
 [31 <./search-second-iteration.png>] [32]
<profile-second-iteration.png, id=140, 1284.8pt x 577.15625pt>
File: profile-second-iteration.png Graphic file (type png)

<use profile-second-iteration.png>
Package pdftex.def Info: profile-second-iteration.png used on input line 428.
(pdftex.def)             Requested size: 452.96068pt x 203.47842pt.
 [33 <./profile-second-iteration.png>]
<edit-profile-second-iteration.png, id=144, 960.58875pt x 1027.58907pt>
File: edit-profile-second-iteration.png Graphic file (type png)

<use edit-profile-second-iteration.png>
Package pdftex.def Info: edit-profile-second-iteration.png used on input line 4
39.
(pdftex.def)             Requested size: 398.95937pt x 426.78647pt.
 [34 <./edit-profile-second-iteration.png>] <show-worksample-second-iteration.p
ng, id=149, 1274.7625pt x 297.11pt>
File: show-worksample-second-iteration.png Graphic file (type png)

<use show-worksample-second-iteration.png>
Package pdftex.def Info: show-worksample-second-iteration.png used on input lin
e 449.
(pdftex.def)             Requested size: 452.96207pt x 142.27116pt.

Underfull \hbox (badness 10000) in paragraph at lines 452--454

 []

<add-worksample-second-iteration.png, id=150, 1232.605pt x 412.54124pt>
File: add-worksample-second-iteration.png Graphic file (type png)

<use add-worksample-second-iteration.png>
Package pdftex.def Info: add-worksample-second-iteration.png used on input line
 458.
(pdftex.def)             Requested size: 452.95338pt x 151.59921pt.
 [35 <./show-worksample-second-iteration.png> <./add-worksample-second-iteratio
n.png>]
<registration-second-iteration.png, id=154, 1078.0275pt x 534.99875pt>
File: registration-second-iteration.png Graphic file (type png)

<use registration-second-iteration.png>
Package pdftex.def Info: registration-second-iteration.png used on input line 4
68.
(pdftex.def)             Requested size: 452.96585pt x 224.7959pt.
 [36 <./registration-second-iteration.png>]
Missing character: There is no â in font cmr10!
Missing character: There is no € in font cmr10!
Missing character: There is no ™ in font cmr10!
Missing character: There is no â in font cmr10!
Missing character: There is no € in font cmr10!
Missing character: There is no ™ in font cmr10!
 [37] <validator-class-diagram.png, id=162, 1130.2225pt x 549.05125pt>
File: validator-class-diagram.png Graphic file (type png)

<use validator-class-diagram.png>
Package pdftex.def Info: validator-class-diagram.png used on input line 507.
(pdftex.def)             Requested size: 700.52377pt x 312.9876pt.
 [38] [39 <./validator-class-diagram.png>]
[40] [41] <second-iteration-er-diagram.jpg, id=177, 777.90625pt x 764.8575pt>
File: second-iteration-er-diagram.jpg Graphic file (type jpg)

<use second-iteration-er-diagram.jpg>
Package pdftex.def Info: second-iteration-er-diagram.jpg used on input line 541
.
(pdftex.def)             Requested size: 452.97829pt x 426.7884pt.
 [42] [43 <./second-iteration-er-diagram.jpg>]
Underfull \hbox (badness 2990) in paragraph at lines 560--560
[]\OT1/cmr/m/n/10.95 the user is added to the
 []


Underfull \hbox (badness 3735) in paragraph at lines 562--562
[]\OT1/cmr/m/n/10.95 Accessing the pro-file page
 []


Underfull \hbox (badness 1681) in paragraph at lines 564--564
\OT1/cmr/m/n/10.95 home-page and is given an
 []


Underfull \hbox (badness 1490) in paragraph at lines 564--564
\OT1/cmr/m/n/10.95 ap-pro-pri-ate mes-sage. The
 []


Underfull \hbox (badness 1147) in paragraph at lines 564--564
\OT1/cmr/m/n/10.95 database is up-dated to re-
 []


Underfull \hbox (badness 6188) in paragraph at lines 566--566
[]\OT1/cmr/m/n/10.95 The database re-flects the
 []


Underfull \hbox (badness 1087) in paragraph at lines 566--566
\OT1/cmr/m/n/10.95 changed de-tails. The edit
 []


Underfull \hbox (badness 10000) in paragraph at lines 566--566
\OT1/cmr/m/n/10.95 pro-file page is re-freshed
 []


Underfull \hbox (badness 1077) in paragraph at lines 568--568
[]\OT1/cmr/m/n/10.95 the work sam-ple sam-ple is
 []


Underfull \hbox (badness 1226) in paragraph at lines 568--568
\OT1/cmr/m/n/10.95 work sam-ple page and the
 []


Underfull \hbox (badness 1590) in paragraph at lines 568--568
\OT1/cmr/m/n/10.95 pro-file page show the new
 []

[44]
Chapter 7.
Missing character: There is no â in font cmr10!
Missing character: There is no € in font cmr10!
Missing character: There is no “ in font cmr10!
[45

]
<third-iteration-collaboration-availability.png, id=192, 933.4875pt x 181.67876
pt>
File: third-iteration-collaboration-availability.png Graphic file (type png)
 <use third-iteration-collaboration-availability.png>
Package pdftex.def Info: third-iteration-collaboration-availability.png used on
 input line 592.
(pdftex.def)             Requested size: 452.9688pt x 85.35852pt.
 [46 <./third-iteration-collaboration-availability.png>]
Chapter 8.

Underfull \hbox (badness 1082) in paragraph at lines 609--609
\OT1/cmr/m/n/10.95 vel-op-ment cy-cle. Lever-age
 []


Underfull \hbox (badness 2495) in paragraph at lines 613--614
[]\OT1/cmr/m/n/10.95 Follow user cen-tred de-sign
 []

[47

]
Chapter 9.
[48

] [49

] [50] (./DIsseration.aux)

LaTeX Warning: There were multiply-defined labels.

Package logreq Info: Writing requests to 'DIsseration.run.xml'.
\openout1 = `DIsseration.run.xml'.

 ) 
Here is how much of TeX's memory you used:
 10201 strings out of 495031
 167037 string characters out of 6181530
 513791 words of memory out of 5000000
 13279 multiletter control sequences out of 15000+600000
 11006 words of font info for 39 fonts, out of 8000000 for 9000
 14 hyphenation exceptions out of 8191
 42i,10n,64p,1126b,2809s stack positions out of 5000i,500n,10000p,200000b,80000s
</usr/share/texlive/texmf-dist/fonts/type1/public/amsfonts/cm/cmbx10.pfb></us
r/share/texlive/texmf-dist/fonts/type1/public/amsfonts/cm/cmbx12.pfb></usr/shar
e/texlive/texmf-dist/fonts/type1/public/amsfonts/cm/cmcsc10.pfb></usr/share/tex
live/texmf-dist/fonts/type1/public/amsfonts/cm/cmr10.pfb></usr/share/texlive/te
xmf-dist/fonts/type1/public/amsfonts/cm/cmr12.pfb></usr/share/texlive/texmf-dis
t/fonts/type1/public/amsfonts/cm/cmr17.pfb></usr/share/texlive/texmf-dist/fonts
/type1/public/amsfonts/cm/cmsy10.pfb></usr/share/texlive/texmf-dist/fonts/type1
/public/amsfonts/cm/cmti10.pfb></usr/share/texlive/texmf-dist/fonts/type1/publi
c/amsfonts/cm/cmtt10.pfb>
Output written on DIsseration.pdf (56 pages, 1013910 bytes).
PDF statistics:
 243 PDF objects out of 1000 (max. 8388607)
 154 compressed objects within 2 object streams
 0 named destinations out of 1000 (max. 500000)
 86 words of extra memory for PDF output out of 10000 (max. 10000000)

